<?xml version="1.0" encoding="UTF-8"?>
<!-- Generated by org.testng.reporters.JUnitXMLReporter -->
<testsuite ignored="0" hostname="DESKTOP-V9897AD" failures="0" tests="4" name="Default test" time="11.804" errors="0" timestamp="2023-10-05T15:24:51 IST">
  <testcase classname="com.Task.TC004_Nykaa" name="TestHomePage" time="6.452"/>
  <testcase classname="com.Task.TC004_Nykaa" name="searchProduct" time="1.528"/>
  <testcase classname="com.Task.TC004_Nykaa" name="getProduct" time="3.301"/>
  <testcase classname="com.Task.TC004_Nykaa" name="Browserclosed" time="0.425"/>
</testsuite> <!-- Default test -->
