<?xml version="1.0" encoding="UTF-8"?>
<!-- Generated by org.testng.reporters.JUnitXMLReporter -->
<testsuite ignored="0" hostname="DESKTOP-V9897AD" failures="0" tests="4" name="TestQa" time="15.614" errors="0" timestamp="2023-10-05T15:05:32 IST">
  <testcase classname="com.Task.TC003_Parallel" name="TestHomePage" time="10.838"/>
  <testcase classname="com.Task.TC003_Parallel" name="searchProduct" time="0.86"/>
  <testcase classname="com.Task.TC003_Parallel" name="getProduct" time="3.317"/>
  <testcase classname="com.Task.TC003_Parallel" name="Browserclosed" time="0.47"/>
</testsuite> <!-- TestQa -->
