<?xml version="1.0" encoding="UTF-8"?>
<!-- Generated by org.testng.reporters.JUnitXMLReporter -->
<testsuite ignored="0" hostname="DESKTOP-V9897AD" failures="0" tests="8" name="Test" time="69.33" errors="0" timestamp="2023-10-05T22:47:08 IST">
  <testcase classname="com.Task.TC002_Parallel" name="TestHomePage" time="21.604"/>
  <testcase classname="com.Task.TC002_Parallel" name="searchProduct" time="0.551"/>
  <testcase classname="com.Task.TC002_Parallel" name="getProduct" time="0.223"/>
  <testcase classname="com.Task.TC002_Parallel" name="Browserclosed" time="0.593"/>
  <testcase classname="com.Task.TC004_Nykaa" name="TestHomePage" time="42.162"/>
  <testcase classname="com.Task.TC004_Nykaa" name="searchProduct" time="0.619"/>
  <testcase classname="com.Task.TC004_Nykaa" name="getProduct" time="3.028"/>
  <testcase classname="com.Task.TC004_Nykaa" name="Browserclosed" time="0.408"/>
</testsuite> <!-- Test -->
