<?xml version="1.0" encoding="UTF-8"?>
<testng-results ignored="0" total="1" passed="1" failed="0" skipped="0">
  <reporter-output>
  </reporter-output>
  <suite started-at="2023-10-03T06:20:18Z" name="Default suite" finished-at="2023-10-03T06:20:30Z" duration-ms="11857">
    <groups>
    </groups>
    <test started-at="2023-10-03T06:20:18Z" name="Default test" finished-at="2023-10-03T06:20:30Z" duration-ms="11857">
      <class name="com.TestNG.TestNGsample">
        <test-method signature="TestHomePage()[pri:0, instance:com.TestNG.TestNGsample@5d066c7d]" started-at="2023-10-03T11:50:18Z" name="TestHomePage" finished-at="2023-10-03T11:50:30Z" duration-ms="11805" status="PASS">
          <reporter-output>
          </reporter-output>
        </test-method> <!-- TestHomePage -->
      </class> <!-- com.TestNG.TestNGsample -->
    </test> <!-- Default test -->
  </suite> <!-- Default suite -->
</testng-results>
